<?xml version="1.0" encoding="UTF-8"?>
<!-- Generated by org.testng.reporters.JUnitReportReporter -->
<testsuite skipped="0" hostname="LAPTOP-HTKHAH0B" name="main.AppiumMethods" tests="1" failures="0" timestamp="26 Apr 2022 04:30:40 GMT" time="9.126" errors="0">
  <testcase name="checkAlerts" time="9.126" classname="main.AppiumMethods"/>
</testsuite> <!-- main.AppiumMethods -->
