<?xml version="1.0" encoding="UTF-8"?>
<!-- Generated by org.testng.reporters.JUnitReportReporter -->
<testsuite skipped="0" hostname="LAPTOP-HTKHAH0B" name="main.FirstAppiumClass" tests="2" failures="0" timestamp="28 Apr 2022 04:17:46 GMT" time="19.579" errors="0">
  <testcase name="dropDown" time="19.574" classname="main.FirstAppiumClass"/>
  <testcase name="FirstAppiumMethod" time="0.005" classname="main.FirstAppiumClass"/>
</testsuite> <!-- main.FirstAppiumClass -->
