<?xml version="1.0" encoding="UTF-8"?>
<!-- Generated by org.testng.reporters.JUnitReportReporter -->
<testsuite skipped="0" hostname="LAPTOP-HTKHAH0B" name="org.api.automation.testcase.TC_003_Add_New_Student_POST" tests="1" failures="0" timestamp="23 Apr 2022 09:49:45 GMT" time="1.628" errors="0">
  <testcase name="addNewStudent" time="1.628" classname="org.api.automation.testcase.TC_003_Add_New_Student_POST"/>
</testsuite> <!-- org.api.automation.testcase.TC_003_Add_New_Student_POST -->
