<?xml version="1.0" encoding="UTF-8"?>
<!-- Generated by org.testng.reporters.JUnitReportReporter -->
<testsuite skipped="0" hostname="LAPTOP-HTKHAH0B" name="org.api.automation.testcase.PutSerial2" tests="1" failures="0" timestamp="24 Apr 2022 11:45:45 GMT" time="3.198" errors="0">
  <testcase name="secondDatRestOne" time="3.198" classname="org.api.automation.testcase.PutSerial2"/>
</testsuite> <!-- org.api.automation.testcase.PutSerial2 -->
