<?xml version="1.0" encoding="UTF-8"?>
<!-- Generated by org.testng.reporters.JUnitReportReporter -->
<testsuite skipped="0" hostname="LAPTOP-HTKHAH0B" name="org.api.automation.testcase.GetStaticImport" tests="1" failures="0" timestamp="23 Apr 2022 10:54:46 GMT" time="2.860" errors="0">
  <testcase name="validateUserdata" time="2.860" classname="org.api.automation.testcase.GetStaticImport"/>
</testsuite> <!-- org.api.automation.testcase.GetStaticImport -->
