<?xml version="1.0" encoding="UTF-8"?>
<!-- Generated by org.testng.reporters.JUnitReportReporter -->
<testsuite skipped="0" hostname="LAPTOP-HTKHAH0B" name="org.api.automation.testcase.FirstRestAssuredClass2" tests="1" failures="0" timestamp="23 Apr 2022 15:25:24 GMT" time="3.664" errors="0">
  <testcase name="secondRestAssuredMethod" time="3.664" classname="org.api.automation.testcase.FirstRestAssuredClass2"/>
</testsuite> <!-- org.api.automation.testcase.FirstRestAssuredClass2 -->
