<?xml version="1.0" encoding="UTF-8"?>
<!-- Generated by org.testng.reporters.JUnitReportReporter -->
<testsuite skipped="0" hostname="LAPTOP-HTKHAH0B" name="org.api.automation.testcase.TC006_RequestChaining_POST_GET" tests="1" failures="0" timestamp="23 Apr 2022 10:40:34 GMT" time="6.653" errors="0">
  <testcase name="addAndValidatePet" time="6.653" classname="org.api.automation.testcase.TC006_RequestChaining_POST_GET"/>
</testsuite> <!-- org.api.automation.testcase.TC006_RequestChaining_POST_GET -->
