<?xml version="1.0" encoding="UTF-8"?>
<!-- Generated by org.testng.reporters.JUnitReportReporter -->
<testsuite skipped="0" hostname="LAPTOP-HTKHAH0B" name="org.api.automation.testcase.PutSerial" tests="1" failures="0" timestamp="24 Apr 2022 08:58:47 GMT" time="3.348" errors="0">
  <testcase name="secondDatRestOne" time="3.348" classname="org.api.automation.testcase.PutSerial"/>
</testsuite> <!-- org.api.automation.testcase.PutSerial -->
