<?xml version="1.0" encoding="UTF-8"?>
<!-- Generated by org.testng.reporters.JUnitReportReporter -->
<testsuite skipped="0" hostname="LAPTOP-HTKHAH0B" name="org.api.automation.testcase.Delete" tests="1" failures="0" timestamp="23 Apr 2022 09:36:43 GMT" time="2.887" errors="0">
  <testcase name="deletePet" time="2.887" classname="org.api.automation.testcase.Delete"/>
</testsuite> <!-- org.api.automation.testcase.Delete -->
