<?xml version="1.0" encoding="UTF-8"?>
<!-- Generated by org.testng.reporters.JUnitReportReporter -->
<testsuite skipped="0" hostname="LAPTOP-HTKHAH0B" name="org.api.automation.testcase.Put" tests="1" failures="0" timestamp="24 Apr 2022 11:45:20 GMT" time="3.062" errors="0">
  <testcase name="addNewPet" time="3.062" classname="org.api.automation.testcase.Put"/>
</testsuite> <!-- org.api.automation.testcase.Put -->
