<?xml version="1.0" encoding="UTF-8"?>
<!-- Generated by org.testng.reporters.JUnitReportReporter -->
<testsuite skipped="0" hostname="LAPTOP-HTKHAH0B" name="org.api.automation.testcase.DayTwoRestAssured2" tests="1" failures="0" timestamp="24 Apr 2022 08:56:06 GMT" time="2.482" errors="0">
  <testcase name="graphQAExample" time="2.482" classname="org.api.automation.testcase.DayTwoRestAssured2"/>
</testsuite> <!-- org.api.automation.testcase.DayTwoRestAssured2 -->
